2015-11-18 09:22:05 PM INFO User guest logged in.
2015-11-18 09:22:22 PM ERROR User jerome failed to log in!
2015-11-18 09:26:05 PM ERROR User Jerome failed to log in!
2015-11-18 09:26:18 PM ERROR User Guest failed to log in!
2015-11-18 09:26:32 PM ERROR User Guest failed to log in!
2015-11-18 09:27:02 PM INFO User guest logged in.
2015-11-18 09:30:15 PM INFO User Guest logged in.
2015-11-18 09:31:14 PM ERROR User Jerome failed to log in!
2015-11-18 09:31:29 PM INFO User Guest logged in.
2015-11-18 09:32:23 PM INFO User Guest logged in.
2015-11-18 09:32:29 PM ERROR User Jerome failed to log in!
2015-11-18 09:53:32 PM INFO User Guest logged in.
2015-11-18 09:54:19 PM INFO User Guest logged in.
2015-11-18 09:55:04 PM ERROR User Jerome failed to log in!
2015-11-18 10:00:41 PM INFO User Guest logged in.
2015-11-18 10:01:10 PM ERROR User Jerome failed to log in!
2015-11-18 10:01:29 PM INFO User Guest logged in.
2015-11-18 10:01:56 PM INFO User Guest logged in.
2015-11-18 10:03:31 PM ERROR User Jerome failed to log in!
2015-11-18 10:05:33 PM ERROR User Jerome failed to log in!
2015-11-18 10:05:55 PM ERROR User Jerome failed to log in!
2015-11-18 10:06:31 PM ERROR User Jerome failed to log in!
2015-11-18 10:07:06 PM ERROR User Jerome failed to log in!
2015-11-18 10:08:13 PM ERROR User Jerome failed to log in!
2015-11-18 10:10:51 PM ERROR User Jerome failed to log in!
2015-11-18 10:11:52 PM ERROR User Jerome failed to log in!
2015-11-18 10:13:17 PM ERROR User Jerome failed to log in!
2015-11-18 10:13:34 PM ERROR User Jerome failed to log in!
2015-11-18 10:14:05 PM ERROR User Jerome failed to log in!
2015-11-18 10:14:29 PM ERROR User Jerome failed to log in!
2015-11-18 10:15:34 PM INFO User Guest logged in.
2015-11-18 10:15:46 PM ERROR User Jerome failed to log in!
2015-11-18 10:16:08 PM INFO User Guest logged in.
